<?xml version="1.0" encoding="UTF-8"?>
<testsuite name="model.FlightTest" tests="1" skipped="0" failures="0" errors="0" timestamp="2025-04-23T01:25:59.518Z" hostname="Jessicas-MacBook-Air-4.local" time="0.249">
  <properties/>
  <testcase name="testPassengerLookupEfficiency()" classname="model.FlightTest" time="0.249"/>
  <system-out><![CDATA[Add passenger result: Test Passenger has been added to this flight in seat A1
Passenger lookup contents: {1500=Passenger ID: 1500 First Name: Test Last Name: Passenger}
Passenger ID being checked: 1500
Lookup result: true
]]></system-out>
  <system-err><![CDATA[]]></system-err>
</testsuite>
